  main.cpp
d:\documents\githubvisualstudio\apriori\apriori\apriori\apriori.h(125): warning C4018: '<': signed/unsigned mismatch
  d:\documents\githubvisualstudio\apriori\apriori\apriori\main.cpp(14): note: see reference to function template instantiation 'void display<int>(std::vector<std::vector<int,std::allocator<_Ty>>,std::allocator<std::vector<_Ty,std::allocator<_Ty>>>>)' being compiled
          with
          [
              _Ty=int
          ]
d:\documents\githubvisualstudio\apriori\apriori\apriori\apriori.h(127): warning C4018: '<': signed/unsigned mismatch
d:\documents\githubvisualstudio\apriori\apriori\apriori\apriori.h(59): warning C4018: '<': signed/unsigned mismatch
  d:\documents\githubvisualstudio\apriori\apriori\apriori\apriori.h(21): note: see reference to function template instantiation 'std::vector<std::vector<int,std::allocator<_Ty>>,std::allocator<std::vector<_Ty,std::allocator<_Ty>>>> gen<int>(T [],int,int)' being compiled
          with
          [
              _Ty=int,
              T=int
          ]
  d:\documents\githubvisualstudio\apriori\apriori\apriori\main.cpp(12): note: see reference to function template instantiation 'std::vector<std::vector<int,std::allocator<_Ty>>,std::allocator<std::vector<_Ty,std::allocator<_Ty>>>> genAll<int>(T [],int,int)' being compiled
          with
          [
              _Ty=int,
              T=int
          ]
d:\documents\githubvisualstudio\apriori\apriori\apriori\apriori.h(89): warning C4018: '<': signed/unsigned mismatch
  Apriori.vcxproj -> D:\Documents\GitHubVisualStudio\Apriori\Apriori\Debug\Apriori.exe
  Apriori.vcxproj -> D:\Documents\GitHubVisualStudio\Apriori\Apriori\Debug\Apriori.pdb (Partial PDB)
